<?xml version="1.0" encoding="UTF-8"?>
<testng-results skipped="0" failed="0" ignored="0" total="1" passed="1">
  <reporter-output>
  </reporter-output>
  <suite name="Default suite" duration-ms="3195" started-at="2021-02-02T22:10:10 IST" finished-at="2021-02-02T22:10:13 IST">
    <groups>
    </groups>
    <test name="Default test" duration-ms="3195" started-at="2021-02-02T22:10:10 IST" finished-at="2021-02-02T22:10:13 IST">
      <class name="com.packg.resrasured.TestRestAPI">
        <test-method status="PASS" signature="TestApi()[pri:0, instance:com.packg.resrasured.TestRestAPI@3b0143d3]" name="TestApi" duration-ms="3095" started-at="2021-02-02T22:10:10 IST" finished-at="2021-02-02T22:10:13 IST">
          <reporter-output>
          </reporter-output>
        </test-method> <!-- TestApi -->
      </class> <!-- com.packg.resrasured.TestRestAPI -->
    </test> <!-- Default test -->
  </suite> <!-- Default suite -->
</testng-results>
