<?xml version="1.0" encoding="UTF-8"?>
<testng-results skipped="0" failed="0" total="1" passed="1">
  <reporter-output>
  </reporter-output>
  <suite name="Default suite" duration-ms="42502" started-at="2020-04-08T17:22:38Z" finished-at="2020-04-08T17:23:21Z">
    <groups>
    </groups>
    <test name="Default test" duration-ms="42502" started-at="2020-04-08T17:22:38Z" finished-at="2020-04-08T17:23:21Z">
      <class name="ProjectGID.ProjectAID.LoginTest">
        <test-method status="PASS" signature="f()[pri:0, instance:ProjectGID.ProjectAID.LoginTest@4439f31e]" name="f" duration-ms="42447" started-at="2020-04-08T22:52:38Z" finished-at="2020-04-08T22:53:21Z">
          <reporter-output>
          </reporter-output>
        </test-method> <!-- f -->
      </class> <!-- ProjectGID.ProjectAID.LoginTest -->
    </test> <!-- Default test -->
  </suite> <!-- Default suite -->
</testng-results>
