<?xml version="1.0" encoding="UTF-8"?>
<!-- Generated by org.testng.reporters.JUnitXMLReporter -->
<testsuite hostname="toshiba-PC" ignored="2" name="Test" tests="2" failures="0" timestamp="2021-01-11T02:31:44 IST" time="80.701" errors="0">
  <testcase name="TC1" time="57.529" classname="srvanthi_testng.WebDriverCommands"/>
  <testcase name="TC1" time="23.0" classname="srvanthi_testng.Testarray"/>
  <testcase name="css" time="0.0" classname="srvanthi_testng.Locators">
    <ignored/>
  </testcase> <!-- css -->
  <testcase name="xpath" time="0.0" classname="srvanthi_testng.Locators">
    <ignored/>
  </testcase> <!-- xpath -->
</testsuite> <!-- Test -->
