<?xml version="1.0" encoding="UTF-8"?>
<testng-results skipped="0" failed="0" ignored="0" total="1" passed="1">
  <reporter-output>
  </reporter-output>
  <suite name="Default suite" duration-ms="25709" started-at="2021-01-29T21:22:09 IST" finished-at="2021-01-29T21:22:35 IST">
    <groups>
    </groups>
    <test name="Default test" duration-ms="25709" started-at="2021-01-29T21:22:09 IST" finished-at="2021-01-29T21:22:35 IST">
      <class name="pageObjectModel.Handlecalender">
        <test-method status="PASS" signature="login()[pri:0, instance:pageObjectModel.Handlecalender@5c5a1b69]" name="login" is-config="true" duration-ms="16962" started-at="2021-01-29T21:22:09 IST" finished-at="2021-01-29T21:22:26 IST">
          <reporter-output>
          </reporter-output>
        </test-method> <!-- login -->
        <test-method status="PASS" signature="handlecalender()[pri:0, instance:pageObjectModel.Handlecalender@5c5a1b69]" name="handlecalender" duration-ms="8690" started-at="2021-01-29T21:22:26 IST" finished-at="2021-01-29T21:22:35 IST">
          <reporter-output>
          </reporter-output>
        </test-method> <!-- handlecalender -->
      </class> <!-- pageObjectModel.Handlecalender -->
    </test> <!-- Default test -->
  </suite> <!-- Default suite -->
</testng-results>
